2026-04-18 18:24:52 +0000  Initial pipeline context: <IDEDistributionProcessingPipelineContext: 0xb7a043900; archive(resolved)="<IDEArchive: 0xb62fd6530>", distributionTask(resolved)="2", distributionDestination(resolved)="1", distributionMethod(resolved)="<IDEDistributionMethodDevelopmentSigned: 0xb5be457c0>", team(resolved)="<IDEProvisioningDisambiguatableBasicTeam: 0xb7c69ce00; teamID='9RK34X2QQ4', teamName='Chen Liu', teamType='Individual', username='steveliu2004@icloud.com', isFreeProvisioningTeam='0'>">
	Chain (16, self inclusive):
	<IDEDistributionProcessingPipelineContext: 0xb7a043900; archive = "<IDEArchive: 0xb62fd6530>", distributionMethod="<IDEDistributionMethodDevelopmentSigned: 0xb5be457c0>", team="<IDEProvisioningDisambiguatableBasicTeam: 0xb7c69ce00; teamID='9RK34X2QQ4', teamName='Chen Liu', teamType='Individual', username='steveliu2004@icloud.com', isFreeProvisioningTeam='0'>">
	<IDEDistributionProcessingPipelineContext: 0xb7a043c00; archive = "<IDEArchive: 0xb62fd6530>", distributionMethod="<IDEDistributionMethodDevelopmentSigned: 0xb5be457c0>", team="<IDEProvisioningDisambiguatableBasicTeam: 0xb7c69ce00; teamID='9RK34X2QQ4', teamName='Chen Liu', teamType='Individual', username='steveliu2004@icloud.com', isFreeProvisioningTeam='0'>">
	<IDEDistributionContext: 0xb80287700; archive = "<IDEArchive: 0xb62fd6530>", distributionMethod="<IDEDistributionMethodDevelopmentSigned: 0xb5be457c0>", team="<IDEProvisioningDisambiguatableBasicTeam: 0xb7c69ce00; teamID='9RK34X2QQ4', teamName='Chen Liu', teamType='Individual', username='steveliu2004@icloud.com', isFreeProvisioningTeam='0'>">
	<IDEDistributionContext: 0xb80286a80; archive = "<IDEArchive: 0xb62fd6530>", distributionMethod="<IDEDistributionMethodDevelopmentSigned: 0xb5be457c0>", team="<IDEProvisioningDisambiguatableBasicTeam: 0xb7c69ce00; teamID='9RK34X2QQ4', teamName='Chen Liu', teamType='Individual', username='steveliu2004@icloud.com', isFreeProvisioningTeam='0'>">
	<IDEDistributionContext: 0xb80286800; archive = "<IDEArchive: 0xb62fd6530>", distributionMethod="<IDEDistributionMethodDevelopmentSigned: 0xb5be457c0>", team="<IDEProvisioningDisambiguatableBasicTeam: 0xb7c69ce00; teamID='9RK34X2QQ4', teamName='Chen Liu', teamType='Individual', username='steveliu2004@icloud.com', isFreeProvisioningTeam='0'>">
	<IDEDistributionContext: 0xb80286580; archive = "<IDEArchive: 0xb62fd6530>", distributionMethod="<IDEDistributionMethodDevelopmentSigned: 0xb5be457c0>", team="<IDEProvisioningDisambiguatableBasicTeam: 0xb7c69ce00; teamID='9RK34X2QQ4', teamName='Chen Liu', teamType='Individual', username='steveliu2004@icloud.com', isFreeProvisioningTeam='0'>">
	<IDEDistributionContext: 0xb80286300; archive = "<IDEArchive: 0xb62fd6530>", distributionMethod="<IDEDistributionMethodDevelopmentSigned: 0xb5be457c0>", team="<IDEProvisioningDisambiguatableBasicTeam: 0xb7c69ce00; teamID='9RK34X2QQ4', teamName='Chen Liu', teamType='Individual', username='steveliu2004@icloud.com', isFreeProvisioningTeam='0'>">
	<IDEDistributionContext: 0xb80286080; archive = "<IDEArchive: 0xb62fd6530>", distributionMethod="<IDEDistributionMethodDevelopmentSigned: 0xb5be457c0>", team="<IDEProvisioningDisambiguatableBasicTeam: 0xb7c69ce00; teamID='9RK34X2QQ4', teamName='Chen Liu', teamType='Individual', username='steveliu2004@icloud.com', isFreeProvisioningTeam='0'>">
	<IDEDistributionContext: 0xb80285e00; archive = "<IDEArchive: 0xb62fd6530>", distributionMethod="<IDEDistributionMethodDevelopmentSigned: 0xb5be457c0>", team="<IDEProvisioningDisambiguatableBasicTeam: 0xb7c69ce00; teamID='9RK34X2QQ4', teamName='Chen Liu', teamType='Individual', username='steveliu2004@icloud.com', isFreeProvisioningTeam='0'>">
	<IDEDistributionContext: 0xb80285b80; archive = "<IDEArchive: 0xb62fd6530>", distributionMethod="<IDEDistributionMethodDevelopmentSigned: 0xb5be457c0>", team="(null)">
	<IDEDistributionContext: 0xb80285900; archive = "<IDEArchive: 0xb62fd6530>", distributionMethod="<IDEDistributionMethodDevelopmentSigned: 0xb5be457c0>", team="(null)">
	<IDEDistributionContext: 0xb80285680; archive = "<IDEArchive: 0xb62fd6530>", distributionMethod="<IDEDistributionMethodDevelopmentSigned: 0xb5be457c0>", team="(null)">
	<IDEDistributionContext: 0xb80285400; archive = "<IDEArchive: 0xb62fd6530>", distributionMethod="<IDEDistributionMethodDevelopmentSigned: 0xb5be457c0>", team="(null)">
	<IDEDistributionContext: 0xb80284c80; archive = "<IDEArchive: 0xb62fd6530>", distributionMethod="(null)", team="(null)">
	<IDEDistributionContext: 0xb6b4d7700; archive = "<IDEArchive: 0xb62fd6530>", distributionMethod="(null)", team="(null)">
	<IDEDistributionContext: 0xb7fcdd680; archive = "<IDEArchive: 0xb62fd6530>", distributionMethod="(null)", team="(null)">
</IDEDistributionProcessingPipelineContext: 0xb7a043900>
2026-04-18 18:24:52 +0000  Processing step: IDEDistributionCreateDestRootStep
2026-04-18 18:24:52 +0000  Processing step: IDEDistributionCopyItemStep
2026-04-18 18:24:52 +0000  Running /usr/bin/ditto '-V' '/Users/chenliu/Library/Developer/Xcode/Archives/2026-04-18/Hanger Express 4-18-26, 14.21.xcarchive/Products/Applications/Hanger Express.app' '/var/folders/m0/7p_5j4pn4_j4y53djz9955480000gn/T/XcodeDistPipeline.~~~SPpkuc/Root/Payload/Hanger Express.app'
2026-04-18 18:24:52 +0000  >>> Copying /Users/chenliu/Library/Developer/Xcode/Archives/2026-04-18/Hanger Express 4-18-26, 14.21.xcarchive/Products/Applications/Hanger Express.app 
2026-04-18 18:24:52 +0000  copying file ./_CodeSignature/CodeResources ... 
2026-04-18 18:24:52 +0000  2775 bytes for ./_CodeSignature/CodeResources
2026-04-18 18:24:52 +0000  copying file ./AppIcon60x60@2x.png ... 
2026-04-18 18:24:52 +0000  13679 bytes for ./AppIcon60x60@2x.png
2026-04-18 18:24:52 +0000  copying file ./Assets.car ... 
2026-04-18 18:24:52 +0000  4315288 bytes for ./Assets.car
2026-04-18 18:24:52 +0000  copying file ./AppIcon76x76@2x~ipad.png ... 
2026-04-18 18:24:52 +0000  20839 bytes for ./AppIcon76x76@2x~ipad.png
2026-04-18 18:24:52 +0000  copying file ./Hanger Express ... 
2026-04-18 18:24:52 +0000  673936 bytes for ./Hanger Express
2026-04-18 18:24:52 +0000  copying file ./embedded.mobileprovision ... 
2026-04-18 18:24:52 +0000  12392 bytes for ./embedded.mobileprovision
2026-04-18 18:24:52 +0000  copying file ./Info.plist ... 
2026-04-18 18:24:52 +0000  1557 bytes for ./Info.plist
2026-04-18 18:24:52 +0000  copying file ./PkgInfo ... 
2026-04-18 18:24:52 +0000  8 bytes for ./PkgInfo
2026-04-18 18:24:52 +0000  /usr/bin/ditto exited with 0
2026-04-18 18:24:52 +0000  Processing step: IDEDistributionEmbedProfileStep
2026-04-18 18:24:52 +0000  Processing step: IDEDistributionInfoPlistStep
2026-04-18 18:24:52 +0000  Skipping step: IDEDistributionInfoPlistStep because it said so
2026-04-18 18:24:52 +0000  Processing step: IDEDistributionAppThinningPlistStep
2026-04-18 18:24:52 +0000  Skipping step: IDEDistributionAppThinningPlistStep because it said so
2026-04-18 18:24:52 +0000  Processing step: IDEDistributionSymbolsStep
2026-04-18 18:24:52 +0000  Skipping step: IDEDistributionSymbolsStep because it said so
2026-04-18 18:24:52 +0000  Processing step: IDEDistributionAppThinningStep
2026-04-18 18:24:52 +0000  Skipping step: IDEDistributionAppThinningStep because it said so
2026-04-18 18:24:52 +0000  Processing step: IDEDistributionArchThinningStep
2026-04-18 18:24:52 +0000  Archs to thin for item /Users/chenliu/Library/Developer/Xcode/Archives/2026-04-18/Hanger Express 4-18-26, 14.21.xcarchive/Products/Applications/Hanger Express.app are []
2026-04-18 18:24:52 +0000  Processing step: IDEDistributionODRStep
2026-04-18 18:24:52 +0000  Processing step: IDEDistributionStripXattrsStep
2026-04-18 18:24:52 +0000  Skipping stripping extended attributes because the codesign step will strip them.
2026-04-18 18:24:52 +0000  Processing step: IDEDistributionCodesignStep
2026-04-18 18:24:52 +0000  Entitlements for <IDEDistributionItem: 0xb7f106400; bundleID='com.wisewolfholo.Hanger-Express', path='<DVTFilePath:0xb5dc49880:'/Users/chenliu/Library/Developer/Xcode/Archives/2026-04-18/Hanger Express 4-18-26, 14.21.xcarchive/Products/Applications/Hanger Express.app'>', codeSigningInfo='<_DVTCodeSigningInformation_Path: 0xb7f1046c0; isSigned='1', isAdHocSigned='0', signingCertificate='<DVTSigningCertificate: 0xb77ccb000; name='Apple Development: Chen Liu (7K2MMF5A6D)', hash='83C6DD819C5171CB3B839AF3D05CD3E2838C08E8', serialNumber='8223C373F894A01E8E0717A49C562E6', certificateKinds='(
    "1.2.840.113635.100.6.1.12",
    "1.2.840.113635.100.6.1.2"
), issueDate='2026-04-18 18:08:28 +0000''>', entitlements='{
    "application-identifier" = "9RK34X2QQ4.com.wisewolfholo.Hanger-Express";
    "com.apple.developer.team-identifier" = 9RK34X2QQ4;
    "get-task-allow" = 1;
}', teamID='9RK34X2QQ4', identifier='com.wisewolfholo.Hanger-Express', executablePath='<DVTFilePath:0xb5ec338e0:'/Users/chenliu/Library/Developer/Xcode/Archives/2026-04-18/Hanger Express 4-18-26, 14.21.xcarchive/Products/Applications/Hanger Express.app/Hanger Express'>', hardenedRuntime='0'>'>: {
    "application-identifier" = "9RK34X2QQ4.com.wisewolfholo.Hanger-Express";
    "com.apple.developer.team-identifier" = 9RK34X2QQ4;
    "get-task-allow" = 1;
}
2026-04-18 18:24:52 +0000  Associated App Clip Identifiers Filter: Skipping because "com.apple.developer.associated-appclip-app-identifiers" is not present
2026-04-18 18:24:52 +0000  Entitlements for <IDEDistributionItem: 0xb7f106400; bundleID='com.wisewolfholo.Hanger-Express', path='<DVTFilePath:0xb5dc49880:'/Users/chenliu/Library/Developer/Xcode/Archives/2026-04-18/Hanger Express 4-18-26, 14.21.xcarchive/Products/Applications/Hanger Express.app'>', codeSigningInfo='<_DVTCodeSigningInformation_Path: 0xb7f1046c0; isSigned='1', isAdHocSigned='0', signingCertificate='<DVTSigningCertificate: 0xb77ccb6c0; name='Apple Development: Chen Liu (7K2MMF5A6D)', hash='83C6DD819C5171CB3B839AF3D05CD3E2838C08E8', serialNumber='8223C373F894A01E8E0717A49C562E6', certificateKinds='(
    "1.2.840.113635.100.6.1.12",
    "1.2.840.113635.100.6.1.2"
), issueDate='2026-04-18 18:08:28 +0000''>', entitlements='{
    "application-identifier" = "9RK34X2QQ4.com.wisewolfholo.Hanger-Express";
    "com.apple.developer.team-identifier" = 9RK34X2QQ4;
    "get-task-allow" = 1;
}', teamID='9RK34X2QQ4', identifier='com.wisewolfholo.Hanger-Express', executablePath='<DVTFilePath:0xb5ec338e0:'/Users/chenliu/Library/Developer/Xcode/Archives/2026-04-18/Hanger Express 4-18-26, 14.21.xcarchive/Products/Applications/Hanger Express.app/Hanger Express'>', hardenedRuntime='0'>'> are: {
    "application-identifier" = "9RK34X2QQ4.com.wisewolfholo.Hanger-Express";
    "com.apple.developer.team-identifier" = 9RK34X2QQ4;
    "get-task-allow" = 1;
}
2026-04-18 18:24:52 +0000  Writing entitlements for <IDEDistributionItem: 0xb7f106400; bundleID='com.wisewolfholo.Hanger-Express', path='<DVTFilePath:0xb5dc49880:'/Users/chenliu/Library/Developer/Xcode/Archives/2026-04-18/Hanger Express 4-18-26, 14.21.xcarchive/Products/Applications/Hanger Express.app'>', codeSigningInfo='<_DVTCodeSigningInformation_Path: 0xb7f1046c0; isSigned='1', isAdHocSigned='0', signingCertificate='<DVTSigningCertificate: 0xb77ccb6c0; name='Apple Development: Chen Liu (7K2MMF5A6D)', hash='83C6DD819C5171CB3B839AF3D05CD3E2838C08E8', serialNumber='8223C373F894A01E8E0717A49C562E6', certificateKinds='(
    "1.2.840.113635.100.6.1.12",
    "1.2.840.113635.100.6.1.2"
), issueDate='2026-04-18 18:08:28 +0000''>', entitlements='{
    "application-identifier" = "9RK34X2QQ4.com.wisewolfholo.Hanger-Express";
    "com.apple.developer.team-identifier" = 9RK34X2QQ4;
    "get-task-allow" = 1;
}', teamID='9RK34X2QQ4', identifier='com.wisewolfholo.Hanger-Express', executablePath='<DVTFilePath:0xb5ec338e0:'/Users/chenliu/Library/Developer/Xcode/Archives/2026-04-18/Hanger Express 4-18-26, 14.21.xcarchive/Products/Applications/Hanger Express.app/Hanger Express'>', hardenedRuntime='0'>'> to: /var/folders/m0/7p_5j4pn4_j4y53djz9955480000gn/T/XcodeDistPipeline.~~~SPpkuc/entitlements~~~c6oJ5M
2026-04-18 18:24:52 +0000  invoking codesign: <NSConcreteTask: 0xb5ef418b0; launchPath='/usr/bin/codesign', arguments='(
    "-f",
    "-s",
    83C6DD819C5171CB3B839AF3D05CD3E2838C08E8,
    "--entitlements",
    "/var/folders/m0/7p_5j4pn4_j4y53djz9955480000gn/T/XcodeDistPipeline.~~~SPpkuc/entitlements~~~c6oJ5M",
    "--preserve-metadata=identifier,flags,runtime,launch-constraints,library-constraints",
    "--generate-entitlement-der",
    "--strip-disallowed-xattrs",
    "-vvv",
    "/var/folders/m0/7p_5j4pn4_j4y53djz9955480000gn/T/XcodeDistPipeline.~~~SPpkuc/Root/Payload/Hanger Express.app"
)'>
2026-04-18 18:24:52 +0000  codesign output: /var/folders/m0/7p_5j4pn4_j4y53djz9955480000gn/T/XcodeDistPipeline.~~~SPpkuc/Root/Payload/Hanger Express.app: replacing existing signature
/var/folders/m0/7p_5j4pn4_j4y53djz9955480000gn/T/XcodeDistPipeline.~~~SPpkuc/Root/Payload/Hanger Express.app: signed app bundle with Mach-O thin (arm64) [com.wisewolfholo.Hanger-Express]
2026-04-18 18:24:52 +0000  Processing step: IDEDistributionZipODRItemStep
2026-04-18 18:24:52 +0000  Skipping step: IDEDistributionZipODRItemStep because it said so
2026-04-18 18:24:52 +0000  Processing step: IDEDistributionCreateIPAStep
2026-04-18 18:24:52 +0000  Running /usr/bin/ditto '-V' '-c' '-k' '--norsrc' '/var/folders/m0/7p_5j4pn4_j4y53djz9955480000gn/T/XcodeDistPipeline.~~~SPpkuc/Root' '/var/folders/m0/7p_5j4pn4_j4y53djz9955480000gn/T/XcodeDistPipeline.~~~SPpkuc/Packages/Hanger Express.ipa'
2026-04-18 18:24:52 +0000  >>> Copying /var/folders/m0/7p_5j4pn4_j4y53djz9955480000gn/T/XcodeDistPipeline.~~~SPpkuc/Root 
2026-04-18 18:24:52 +0000  copying file ./Payload/Hanger Express.app/_CodeSignature/CodeResources ... 
2026-04-18 18:24:52 +0000  2775 bytes for ./Payload/Hanger Express.app/_CodeSignature/CodeResources
2026-04-18 18:24:52 +0000  copying file ./Payload/Hanger Express.app/AppIcon60x60@2x.png ... 
2026-04-18 18:24:52 +0000  13679 bytes for ./Payload/Hanger Express.app/AppIcon60x60@2x.png
2026-04-18 18:24:52 +0000  copying file ./Payload/Hanger Express.app/Assets.car ... 
2026-04-18 18:24:53 +0000  4315288 bytes for ./Payload/Hanger Express.app/Assets.car
2026-04-18 18:24:53 +0000  copying file ./Payload/Hanger Express.app/AppIcon76x76@2x~ipad.png ... 
2026-04-18 18:24:53 +0000  20839 bytes for ./Payload/Hanger Express.app/AppIcon76x76@2x~ipad.png
2026-04-18 18:24:53 +0000  copying file ./Payload/Hanger Express.app/Hanger Express ... 
2026-04-18 18:24:53 +0000  673936 bytes for ./Payload/Hanger Express.app/Hanger Express
2026-04-18 18:24:53 +0000  copying file ./Payload/Hanger Express.app/embedded.mobileprovision ... 
2026-04-18 18:24:53 +0000  12392 bytes for ./Payload/Hanger Express.app/embedded.mobileprovision
2026-04-18 18:24:53 +0000  copying file ./Payload/Hanger Express.app/Info.plist ... 
2026-04-18 18:24:53 +0000  1557 bytes for ./Payload/Hanger Express.app/Info.plist
2026-04-18 18:24:53 +0000  copying file ./Payload/Hanger Express.app/PkgInfo ... 
2026-04-18 18:24:53 +0000  8 bytes for ./Payload/Hanger Express.app/PkgInfo
2026-04-18 18:24:53 +0000  /usr/bin/ditto exited with 0
2026-04-18 18:24:53 +0000  Processing step: IDEDistributionAppStoreInformationStep
2026-04-18 18:24:53 +0000  Skipping step: IDEDistributionAppStoreInformationStep because it said so
2026-04-18 18:24:53 +0000  Processing step: IDEDistributionGenerateProcessedDistributionItems
2026-04-18 18:24:53 +0000  IDEDistributionItem init <DVTFilePath:0xb5bad7080:'/var/folders/m0/7p_5j4pn4_j4y53djz9955480000gn/T/XcodeDistPipeline.~~~SPpkuc/Root/Payload/Hanger Express.app'>
2026-04-18 18:24:53 +0000  Processing step: IDEDistributionCreateManifestStep
